c:\users\idev\documents\axons\axon-version-470b678c6e2043d1\axon-master\axon\v3rm\debug\vc141.pdb
c:\users\idev\documents\axons\axon-version-470b678c6e2043d1\axon-master\axon\v3rm\debug\vc141.idb
c:\users\idev\documents\axons\axon-version-470b678c6e2043d1\axon-master\axon\v3rm\debug\lparser.obj
c:\users\idev\documents\axons\axon-version-470b678c6e2043d1\axon-master\axon\v3rm\debug\loslib.obj
c:\users\idev\documents\axons\axon-version-470b678c6e2043d1\axon-master\axon\v3rm\debug\lopcodes.obj
c:\users\idev\documents\axons\axon-version-470b678c6e2043d1\axon-master\axon\v3rm\debug\lobject.obj
c:\users\idev\documents\axons\axon-version-470b678c6e2043d1\axon-master\axon\v3rm\debug\loadlib.obj
c:\users\idev\documents\axons\axon-version-470b678c6e2043d1\axon-master\axon\v3rm\debug\lmem.obj
c:\users\idev\documents\axons\axon-version-470b678c6e2043d1\axon-master\axon\v3rm\debug\lmathlib.obj
c:\users\idev\documents\axons\axon-version-470b678c6e2043d1\axon-master\axon\v3rm\debug\llex.obj
c:\users\idev\documents\axons\axon-version-470b678c6e2043d1\axon-master\axon\v3rm\debug\liolib.obj
c:\users\idev\documents\axons\axon-version-470b678c6e2043d1\axon-master\axon\v3rm\debug\linit.obj
c:\users\idev\documents\axons\axon-version-470b678c6e2043d1\axon-master\axon\v3rm\debug\lgc.obj
c:\users\idev\documents\axons\axon-version-470b678c6e2043d1\axon-master\axon\v3rm\debug\lfunc.obj
c:\users\idev\documents\axons\axon-version-470b678c6e2043d1\axon-master\axon\v3rm\debug\ldump.obj
c:\users\idev\documents\axons\axon-version-470b678c6e2043d1\axon-master\axon\v3rm\debug\ldo.obj
c:\users\idev\documents\axons\axon-version-470b678c6e2043d1\axon-master\axon\v3rm\debug\ldebug.obj
c:\users\idev\documents\axons\axon-version-470b678c6e2043d1\axon-master\axon\v3rm\debug\ldblib.obj
c:\users\idev\documents\axons\axon-version-470b678c6e2043d1\axon-master\axon\v3rm\debug\lcode.obj
c:\users\idev\documents\axons\axon-version-470b678c6e2043d1\axon-master\axon\v3rm\debug\lbaselib.obj
c:\users\idev\documents\axons\axon-version-470b678c6e2043d1\axon-master\axon\v3rm\debug\lauxlib.obj
c:\users\idev\documents\axons\axon-version-470b678c6e2043d1\axon-master\axon\v3rm\debug\lapi.obj
c:\users\idev\documents\axons\axon-version-470b678c6e2043d1\axon-master\axon\v3rm\debug\lzio.obj
c:\users\idev\documents\axons\axon-version-470b678c6e2043d1\axon-master\axon\v3rm\debug\lvm.obj
c:\users\idev\documents\axons\axon-version-470b678c6e2043d1\axon-master\axon\v3rm\debug\lundump.obj
c:\users\idev\documents\axons\axon-version-470b678c6e2043d1\axon-master\axon\v3rm\debug\ltm.obj
c:\users\idev\documents\axons\axon-version-470b678c6e2043d1\axon-master\axon\v3rm\debug\ltablib.obj
c:\users\idev\documents\axons\axon-version-470b678c6e2043d1\axon-master\axon\v3rm\debug\ltable.obj
c:\users\idev\documents\axons\axon-version-470b678c6e2043d1\axon-master\axon\v3rm\debug\lstrlib.obj
c:\users\idev\documents\axons\axon-version-470b678c6e2043d1\axon-master\axon\v3rm\debug\lstring.obj
c:\users\idev\documents\axons\axon-version-470b678c6e2043d1\axon-master\axon\v3rm\debug\lstate.obj
c:\users\idev\documents\axons\axon-version-470b678c6e2043d1\axon-master\axon\v3rm\debug\main.obj
c:\users\idev\documents\axons\axon-version-470b678c6e2043d1\axon-master\axon\v3rm\debug\memory.obj
c:\users\rragt\desktop\axon-version-470b678c6e2043d1 (2)\axon-version-470b678c6e2043d1\axon-master\axon\v3rm\debug\vc142.pdb
c:\users\rragt\desktop\axon-version-470b678c6e2043d1 (2)\axon-version-470b678c6e2043d1\axon-master\axon\v3rm\debug\vc142.idb
c:\users\rragt\desktop\axon-version-470b678c6e2043d1 (2)\axon-version-470b678c6e2043d1\axon-master\axon\v3rm\debug\lparser.obj
c:\users\rragt\desktop\axon-version-470b678c6e2043d1 (2)\axon-version-470b678c6e2043d1\axon-master\axon\v3rm\debug\loslib.obj
c:\users\rragt\desktop\axon-version-470b678c6e2043d1 (2)\axon-version-470b678c6e2043d1\axon-master\axon\v3rm\debug\lopcodes.obj
c:\users\rragt\desktop\axon-version-470b678c6e2043d1 (2)\axon-version-470b678c6e2043d1\axon-master\axon\v3rm\debug\lobject.obj
c:\users\rragt\desktop\axon-version-470b678c6e2043d1 (2)\axon-version-470b678c6e2043d1\axon-master\axon\v3rm\debug\loadlib.obj
c:\users\rragt\desktop\axon-version-470b678c6e2043d1 (2)\axon-version-470b678c6e2043d1\axon-master\axon\v3rm\debug\lmem.obj
c:\users\rragt\desktop\axon-version-470b678c6e2043d1 (2)\axon-version-470b678c6e2043d1\axon-master\axon\v3rm\debug\lmathlib.obj
c:\users\rragt\desktop\axon-version-470b678c6e2043d1 (2)\axon-version-470b678c6e2043d1\axon-master\axon\v3rm\debug\llex.obj
c:\users\rragt\desktop\axon-version-470b678c6e2043d1 (2)\axon-version-470b678c6e2043d1\axon-master\axon\v3rm\debug\liolib.obj
c:\users\rragt\desktop\axon-version-470b678c6e2043d1 (2)\axon-version-470b678c6e2043d1\axon-master\axon\v3rm\debug\linit.obj
c:\users\rragt\desktop\axon-version-470b678c6e2043d1 (2)\axon-version-470b678c6e2043d1\axon-master\axon\v3rm\debug\lgc.obj
c:\users\rragt\desktop\axon-version-470b678c6e2043d1 (2)\axon-version-470b678c6e2043d1\axon-master\axon\v3rm\debug\lfunc.obj
c:\users\rragt\desktop\axon-version-470b678c6e2043d1 (2)\axon-version-470b678c6e2043d1\axon-master\axon\v3rm\debug\ldump.obj
c:\users\rragt\desktop\axon-version-470b678c6e2043d1 (2)\axon-version-470b678c6e2043d1\axon-master\axon\v3rm\debug\ldo.obj
c:\users\rragt\desktop\axon-version-470b678c6e2043d1 (2)\axon-version-470b678c6e2043d1\axon-master\axon\v3rm\debug\ldebug.obj
c:\users\rragt\desktop\axon-version-470b678c6e2043d1 (2)\axon-version-470b678c6e2043d1\axon-master\axon\v3rm\debug\ldblib.obj
c:\users\rragt\desktop\axon-version-470b678c6e2043d1 (2)\axon-version-470b678c6e2043d1\axon-master\axon\v3rm\debug\lcode.obj
c:\users\rragt\desktop\axon-version-470b678c6e2043d1 (2)\axon-version-470b678c6e2043d1\axon-master\axon\v3rm\debug\lbaselib.obj
c:\users\rragt\desktop\axon-version-470b678c6e2043d1 (2)\axon-version-470b678c6e2043d1\axon-master\axon\v3rm\debug\lauxlib.obj
c:\users\rragt\desktop\axon-version-470b678c6e2043d1 (2)\axon-version-470b678c6e2043d1\axon-master\axon\v3rm\debug\lapi.obj
c:\users\rragt\desktop\axon-version-470b678c6e2043d1 (2)\axon-version-470b678c6e2043d1\axon-master\axon\v3rm\debug\lzio.obj
c:\users\rragt\desktop\axon-version-470b678c6e2043d1 (2)\axon-version-470b678c6e2043d1\axon-master\axon\v3rm\debug\lvm.obj
c:\users\rragt\desktop\axon-version-470b678c6e2043d1 (2)\axon-version-470b678c6e2043d1\axon-master\axon\v3rm\debug\lundump.obj
c:\users\rragt\desktop\axon-version-470b678c6e2043d1 (2)\axon-version-470b678c6e2043d1\axon-master\axon\v3rm\debug\ltm.obj
c:\users\rragt\desktop\axon-version-470b678c6e2043d1 (2)\axon-version-470b678c6e2043d1\axon-master\axon\v3rm\debug\ltablib.obj
c:\users\rragt\desktop\axon-version-470b678c6e2043d1 (2)\axon-version-470b678c6e2043d1\axon-master\axon\v3rm\debug\ltable.obj
c:\users\rragt\desktop\axon-version-470b678c6e2043d1 (2)\axon-version-470b678c6e2043d1\axon-master\axon\v3rm\debug\lstrlib.obj
c:\users\rragt\desktop\axon-version-470b678c6e2043d1 (2)\axon-version-470b678c6e2043d1\axon-master\axon\v3rm\debug\lstring.obj
c:\users\rragt\desktop\axon-version-470b678c6e2043d1 (2)\axon-version-470b678c6e2043d1\axon-master\axon\v3rm\debug\lstate.obj
c:\users\rragt\desktop\axon-version-470b678c6e2043d1 (2)\axon-version-470b678c6e2043d1\axon-master\axon\v3rm\debug\memory.obj
c:\users\idev\documents\axons\axon-version-470b678c6e2043d1\axon-master\axon\debug\axon.ilk
c:\users\idev\documents\axons\axon-version-470b678c6e2043d1\axon-master\axon\debug\axon.dll
c:\users\idev\documents\axons\axon-version-470b678c6e2043d1\axon-master\axon\debug\axon.pdb
c:\users\idev\documents\axons\axon-version-470b678c6e2043d1\axon-master\axon\v3rm\debug\vcpkg.applocal.log
c:\users\rragt\desktop\axon-version-470b678c6e2043d1 (2)\axon-version-470b678c6e2043d1\axon-master\axon\v3rm\debug\v3rm.vcxprojassemblyreference.cache
c:\users\rragt\desktop\axon-version-470b678c6e2043d1 (2)\axon-version-470b678c6e2043d1\axon-master\axon\v3rm\debug\vc141.idb
c:\users\rragt\desktop\axon-version-470b678c6e2043d1 (2)\axon-version-470b678c6e2043d1\axon-master\axon\v3rm\debug\vc141.pdb
c:\users\rragt\desktop\axon-version-470b678c6e2043d1 (2)\axon-version-470b678c6e2043d1\axon-master\axon\debug\axon.pdb
c:\users\rragt\desktop\axon-version-470b678c6e2043d1 (2)\axon-version-470b678c6e2043d1\axon-master\axon\debug\axon.ilk
c:\users\rragt\desktop\axon-version-470b678c6e2043d1 (2)\axon-version-470b678c6e2043d1\axon-master\axon\v3rm\debug\rvx-4.tlog\cl.command.1.tlog
c:\users\rragt\desktop\axon-version-470b678c6e2043d1 (2)\axon-version-470b678c6e2043d1\axon-master\axon\v3rm\debug\rvx-4.tlog\cl.read.1.tlog
c:\users\rragt\desktop\axon-version-470b678c6e2043d1 (2)\axon-version-470b678c6e2043d1\axon-master\axon\v3rm\debug\rvx-4.tlog\cl.write.1.tlog
c:\users\rragt\desktop\axon-version-470b678c6e2043d1 (2)\axon-version-470b678c6e2043d1\axon-master\axon\v3rm\debug\rvx-4.tlog\link.command.1.tlog
c:\users\rragt\desktop\axon-version-470b678c6e2043d1 (2)\axon-version-470b678c6e2043d1\axon-master\axon\v3rm\debug\rvx-4.tlog\link.read.1.tlog
c:\users\rragt\desktop\axon-version-470b678c6e2043d1 (2)\axon-version-470b678c6e2043d1\axon-master\axon\v3rm\debug\rvx-4.tlog\link.write.1.tlog
c:\users\rragt\desktop\axon-version-470b678c6e2043d1 (2)\axon-version-470b678c6e2043d1\axon-master\axon\v3rm\debug\rvx-4.tlog\rvx-4.write.1u.tlog
